This is pdfTeX, Version 3.14159265-2.6-1.40.20 (TeX Live 2019/Debian) (preloaded format=pdflatex 2020.10.26)  24 NOV 2020 11:59
entering extended mode
 restricted \write18 enabled.
 %&-line parsing enabled.
**config.tex
(./config.tex
LaTeX2e <2020-02-02> patch level 2
L3 programming layer <2020-02-14>

! LaTeX Error: \usepackage before \documentclass.

See the LaTeX manual or LaTeX Companion for explanation.
Type  H <return>  for immediate help.
 ...                                              
                                                  
l.1 \usepackage{
                babel}
\usepackage may only appear in the document preamble, i.e.,
between \documentclass and \begin{document}.


! LaTeX Error: \usepackage before \documentclass.

See the LaTeX manual or LaTeX Companion for explanation.
Type  H <return>  for immediate help.
 ...                                              
                                                  
l.2 \usepackage[T1]{
                    fontenc}
\usepackage may only appear in the document preamble, i.e.,
between \documentclass and \begin{document}.


! LaTeX Error: \usepackage before \documentclass.

See the LaTeX manual or LaTeX Companion for explanation.
Type  H <return>  for immediate help.
 ...                                              
                                                  
l.3 \usepackage[utf8]{
                      inputenc}
\usepackage may only appear in the document preamble, i.e.,
between \documentclass and \begin{document}.


! LaTeX Error: \usepackage before \documentclass.

See the LaTeX manual or LaTeX Companion for explanation.
Type  H <return>  for immediate help.
 ...                                              
                                                  
l.4 \usepackage{
                lmodern}
\usepackage may only appear in the document preamble, i.e.,
between \documentclass and \begin{document}.


! LaTeX Error: \usepackage before \documentclass.

See the LaTeX manual or LaTeX Companion for explanation.
Type  H <return>  for immediate help.
 ...                                              
                                                  
l.6 \usepackage{
                subcaption}
\usepackage may only appear in the document preamble, i.e.,
between \documentclass and \begin{document}.


! LaTeX Error: \usepackage before \documentclass.

See the LaTeX manual or LaTeX Companion for explanation.
Type  H <return>  for immediate help.
 ...                                              
                                                  
l.7 \usepackage{
                wrapfig,graphicx}
\usepackage may only appear in the document preamble, i.e.,
between \documentclass and \begin{document}.


! LaTeX Error: \usepackage before \documentclass.

See the LaTeX manual or LaTeX Companion for explanation.
Type  H <return>  for immediate help.
 ...                                              
                                                  
l.8 \usepackage{
                placeins}
\usepackage may only appear in the document preamble, i.e.,
between \documentclass and \begin{document}.


! LaTeX Error: \usepackage before \documentclass.

See the LaTeX manual or LaTeX Companion for explanation.
Type  H <return>  for immediate help.
 ...                                              
                                                  
l.9 \usepackage{
                amsmath}
\usepackage may only appear in the document preamble, i.e.,
between \documentclass and \begin{document}.


! LaTeX Error: \usepackage before \documentclass.

See the LaTeX manual or LaTeX Companion for explanation.
Type  H <return>  for immediate help.
 ...                                              
                                                  
l.10 \usepackage{
                 amsfonts}
\usepackage may only appear in the document preamble, i.e.,
between \documentclass and \begin{document}.


! LaTeX Error: \usepackage before \documentclass.

See the LaTeX manual or LaTeX Companion for explanation.
Type  H <return>  for immediate help.
 ...                                              
                                                  
l.11 \usepackage{
                 dsfont}
\usepackage may only appear in the document preamble, i.e.,
between \documentclass and \begin{document}.


! LaTeX Error: \usepackage before \documentclass.

See the LaTeX manual or LaTeX Companion for explanation.
Type  H <return>  for immediate help.
 ...                                              
                                                  
l.12 \usepackage{
                 enumerate}
\usepackage may only appear in the document preamble, i.e.,
between \documentclass and \begin{document}.


! LaTeX Error: \usepackage before \documentclass.

See the LaTeX manual or LaTeX Companion for explanation.
Type  H <return>  for immediate help.
 ...                                              
                                                  
l.13 \usepackage{
                 graphicx}
\usepackage may only appear in the document preamble, i.e.,
between \documentclass and \begin{document}.


! LaTeX Error: \usepackage before \documentclass.

See the LaTeX manual or LaTeX Companion for explanation.
Type  H <return>  for immediate help.
 ...                                              
                                                  
l.14 \usepackage{
                 mathrsfs}
\usepackage may only appear in the document preamble, i.e.,
between \documentclass and \begin{document}.


! LaTeX Error: \usepackage before \documentclass.

See the LaTeX manual or LaTeX Companion for explanation.
Type  H <return>  for immediate help.
 ...                                              
                                                  
l.15 \usepackage{
                 braket}
\usepackage may only appear in the document preamble, i.e.,
between \documentclass and \begin{document}.


! LaTeX Error: \usepackage before \documentclass.

See the LaTeX manual or LaTeX Companion for explanation.
Type  H <return>  for immediate help.
 ...                                              
                                                  
l.16 \usepackage{
                 color}
\usepackage may only appear in the document preamble, i.e.,
between \documentclass and \begin{document}.


! LaTeX Error: \usepackage before \documentclass.

See the LaTeX manual or LaTeX Companion for explanation.
Type  H <return>  for immediate help.
 ...                                              
                                                  
l.17 \usepackage[colorlinks=true, linkcolor=cyan]{
                                                  hyperref}
\usepackage may only appear in the document preamble, i.e.,
between \documentclass and \begin{document}.


! LaTeX Error: \usepackage before \documentclass.

See the LaTeX manual or LaTeX Companion for explanation.
Type  H <return>  for immediate help.
 ...                                              
                                                  
l.18 \usepackage[ugly]{
                       units}
\usepackage may only appear in the document preamble, i.e.,
between \documentclass and \begin{document}.


! LaTeX Error: \usepackage before \documentclass.

See the LaTeX manual or LaTeX Companion for explanation.
Type  H <return>  for immediate help.
 ...                                              
                                                  
l.20 \usepackage{
                 marvosym}
\usepackage may only appear in the document preamble, i.e.,
between \documentclass and \begin{document}.

LaTeX Font Info:    Trying to load font information for T1+txtt on input line 2
8.
(/usr/share/texlive/texmf-dist/tex/latex/txfonts/t1txtt.fd
File: t1txtt.fd 2000/12/15 v3.1
)

! LaTeX Error: Command \unit undefined.

See the LaTeX manual or LaTeX Companion for explanation.
Type  H <return>  for immediate help.
 ...                                              
                                                  
l.32 \renewcommand{\unit}
                         [1]{\oldunit{\,#1}}
Try typing  <return>  to proceed.
If that doesn't work, type  X <return>  to quit.

! Undefined control sequence.
l.38 \setkomafont
                 {captionlabel}{\bfseries}
The control sequence at the end of the top line
of your error message was never \def'ed. If you have
misspelled it (e.g., `\hobx'), type `I' and the correct
spelling (e.g., `I\hbox'). Otherwise just continue,
and I'll forget about whatever was undefined.


! LaTeX Error: Missing \begin{document}.

See the LaTeX manual or LaTeX Companion for explanation.
Type  H <return>  for immediate help.
 ...                                              
                                                  
l.38 \setkomafont{c
                   aptionlabel}{\bfseries}
You're in trouble here.  Try typing  <return>  to proceed.
If that doesn't work, type  X <return>  to quit.

Missing character: There is no c in font nullfont!
Missing character: There is no a in font nullfont!
Missing character: There is no p in font nullfont!
Missing character: There is no t in font nullfont!
Missing character: There is no i in font nullfont!
Missing character: There is no o in font nullfont!
Missing character: There is no n in font nullfont!
Missing character: There is no l in font nullfont!
Missing character: There is no a in font nullfont!
Missing character: There is no b in font nullfont!
Missing character: There is no e in font nullfont!
Missing character: There is no l in font nullfont!

! LaTeX Error: Command \captionformat undefined.

See the LaTeX manual or LaTeX Companion for explanation.
Type  H <return>  for immediate help.
 ...                                              
                                                  
l.39 \renewcommand*{\captionformat}
                                   {.~~}
Try typing  <return>  to proceed.
If that doesn't work, type  X <return>  to quit.

! Undefined control sequence.
l.40 \setcapindent
                  {0pt}
The control sequence at the end of the top line
of your error message was never \def'ed. If you have
misspelled it (e.g., `\hobx'), type `I' and the correct
spelling (e.g., `I\hbox'). Otherwise just continue,
and I'll forget about whatever was undefined.

Missing character: There is no 0 in font nullfont!
Missing character: There is no p in font nullfont!
Missing character: There is no t in font nullfont!
! Undefined control sequence.
l.41 \addto
           \captionsngerman{\renewcommand\figurename{Abb.}}
The control sequence at the end of the top line
of your error message was never \def'ed. If you have
misspelled it (e.g., `\hobx'), type `I' and the correct
spelling (e.g., `I\hbox'). Otherwise just continue,
and I'll forget about whatever was undefined.

! Undefined control sequence.
l.41 \addto\captionsngerman
                           {\renewcommand\figurename{Abb.}}
The control sequence at the end of the top line
of your error message was never \def'ed. If you have
misspelled it (e.g., `\hobx'), type `I' and the correct
spelling (e.g., `I\hbox'). Otherwise just continue,
and I'll forget about whatever was undefined.


! LaTeX Error: Command \figurename undefined.

See the LaTeX manual or LaTeX Companion for explanation.
Type  H <return>  for immediate help.
 ...                                              
                                                  
l.41 ...o\captionsngerman{\renewcommand\figurename
                                                  {Abb.}}
Try typing  <return>  to proceed.
If that doesn't work, type  X <return>  to quit.


Overfull \hbox (20.0pt too wide) in paragraph at lines 38--42
[]
 []


! LaTeX Error: \usepackage before \documentclass.

See the LaTeX manual or LaTeX Companion for explanation.
Type  H <return>  for immediate help.
 ...                                              
                                                  
l.44 \usepackage{
                 listings,xcolor}
\usepackage may only appear in the document preamble, i.e.,
between \documentclass and \begin{document}.


! LaTeX Error: Command \lstlistingname undefined.

See the LaTeX manual or LaTeX Companion for explanation.
Type  H <return>  for immediate help.
 ...                                              
                                                  
l.45 \renewcommand{\lstlistingname}
                                   {Programmcode}
Try typing  <return>  to proceed.
If that doesn't work, type  X <return>  to quit.

! Undefined control sequence.
l.47 \definecolor
                 {pl_background}{rgb}{0.95,0.95,0.95}
The control sequence at the end of the top line
of your error message was never \def'ed. If you have
misspelled it (e.g., `\hobx'), type `I' and the correct
spelling (e.g., `I\hbox'). Otherwise just continue,
and I'll forget about whatever was undefined.


! LaTeX Error: Missing \begin{document}.

See the LaTeX manual or LaTeX Companion for explanation.
Type  H <return>  for immediate help.
 ...                                              
                                                  
l.47 \definecolor{p
                   l_background}{rgb}{0.95,0.95,0.95}
You're in trouble here.  Try typing  <return>  to proceed.
If that doesn't work, type  X <return>  to quit.

Missing character: There is no p in font nullfont!
Missing character: There is no l in font nullfont!
! Missing $ inserted.
<inserted text> 
                $
l.47 \definecolor{pl_
                     background}{rgb}{0.95,0.95,0.95}
I've inserted a begin-math/end-math symbol since I think
you left one out. Proceed, with fingers crossed.

LaTeX Font Info:    External font `cmex10' loaded for size
(Font)              <7> on input line 47.
LaTeX Font Info:    External font `cmex10' loaded for size
(Font)              <5> on input line 47.
! Extra }, or forgotten $.
l.47 \definecolor{pl_background}
                                {rgb}{0.95,0.95,0.95}
I've deleted a group-closing symbol because it seems to be
spurious, as in `$x}$'. But perhaps the } is legitimate and
you forgot something else, as in `\hbox{$x}'. In such cases
the way to recover is to insert both the forgotten and the
deleted material, e.g., by typing `I$}'.

! Undefined control sequence.
l.48 \definecolor
                 {pl_comment}{rgb}{0.12, 0.38, 0.18 }
The control sequence at the end of the top line
of your error message was never \def'ed. If you have
misspelled it (e.g., `\hobx'), type `I' and the correct
spelling (e.g., `I\hbox'). Otherwise just continue,
and I'll forget about whatever was undefined.

! Undefined control sequence.
l.49 \definecolor
                 {pl_ifelse}{rgb}{0.74,0.74,.29}
The control sequence at the end of the top line
of your error message was never \def'ed. If you have
misspelled it (e.g., `\hobx'), type `I' and the correct
spelling (e.g., `I\hbox'). Otherwise just continue,
and I'll forget about whatever was undefined.

! Undefined control sequence.
l.50 \definecolor
                 {pl_keyword}{rgb}{0.37, 0.08, 0.25}
The control sequence at the end of the top line
of your error message was never \def'ed. If you have
misspelled it (e.g., `\hobx'), type `I' and the correct
spelling (e.g., `I\hbox'). Otherwise just continue,
and I'll forget about whatever was undefined.

! Undefined control sequence.
l.51 \definecolor
                 {pl_string}{rgb}{0.06, 0.10, 0.98}
The control sequence at the end of the top line
of your error message was never \def'ed. If you have
misspelled it (e.g., `\hobx'), type `I' and the correct
spelling (e.g., `I\hbox'). Otherwise just continue,
and I'll forget about whatever was undefined.

! Undefined control sequence.
l.52 \definecolor
                 {deepblue}{rgb}{0,0,0.5}
The control sequence at the end of the top line
of your error message was never \def'ed. If you have
misspelled it (e.g., `\hobx'), type `I' and the correct
spelling (e.g., `I\hbox'). Otherwise just continue,
and I'll forget about whatever was undefined.

! Undefined control sequence.
l.53 \definecolor
                 {deepred}{rgb}{0.6,0,0}
The control sequence at the end of the top line
of your error message was never \def'ed. If you have
misspelled it (e.g., `\hobx'), type `I' and the correct
spelling (e.g., `I\hbox'). Otherwise just continue,
and I'll forget about whatever was undefined.

! Undefined control sequence.
l.54 \definecolor
                 {deepgreen}{rgb}{0,0.5,0}
The control sequence at the end of the top line
of your error message was never \def'ed. If you have
misspelled it (e.g., `\hobx'), type `I' and the correct
spelling (e.g., `I\hbox'). Otherwise just continue,
and I'll forget about whatever was undefined.

! Missing $ inserted.
<inserted text> 
                $
l.55 
     
I've inserted a begin-math/end-math symbol since I think
you left one out. Proceed, with fingers crossed.


Overfull \hbox (865.66933pt too wide) in paragraph at lines 47--55
[]$[]\OML/cmm/m/it/10 ackground[][][][][][][][][][][][][][][][][][][][][][][]$ 

 []

! Undefined control sequence.
l.57 \lstset
            {
The control sequence at the end of the top line
of your error message was never \def'ed. If you have
misspelled it (e.g., `\hobx'), type `I' and the correct
spelling (e.g., `I\hbox'). Otherwise just continue,
and I'll forget about whatever was undefined.


! LaTeX Error: Missing \begin{document}.

See the LaTeX manual or LaTeX Companion for explanation.
Type  H <return>  for immediate help.
 ...                                              
                                                  
l.58 	l
       anguage = C,
You're in trouble here.  Try typing  <return>  to proceed.
If that doesn't work, type  X <return>  to quit.

Missing character: There is no l in font nullfont!
Missing character: There is no a in font nullfont!
Missing character: There is no n in font nullfont!
Missing character: There is no g in font nullfont!
Missing character: There is no u in font nullfont!
Missing character: There is no a in font nullfont!
Missing character: There is no g in font nullfont!
Missing character: There is no e in font nullfont!
Missing character: There is no = in font nullfont!
Missing character: There is no C in font nullfont!
Missing character: There is no , in font nullfont!
Missing character: There is no b in font nullfont!
Missing character: There is no a in font nullfont!
Missing character: There is no s in font nullfont!
Missing character: There is no i in font nullfont!
Missing character: There is no c in font nullfont!
Missing character: There is no s in font nullfont!
Missing character: There is no t in font nullfont!
Missing character: There is no y in font nullfont!
Missing character: There is no l in font nullfont!
Missing character: There is no e in font nullfont!
Missing character: There is no = in font nullfont!
! Undefined control sequence.
l.59 	basicstyle = \small
                         \sffamily,
The control sequence at the end of the top line
of your error message was never \def'ed. If you have
misspelled it (e.g., `\hobx'), type `I' and the correct
spelling (e.g., `I\hbox'). Otherwise just continue,
and I'll forget about whatever was undefined.

! Undefined control sequence.
l.60 	backgroundcolor = \color
                              {pl_background},
The control sequence at the end of the top line
of your error message was never \def'ed. If you have
misspelled it (e.g., `\hobx'), type `I' and the correct
spelling (e.g., `I\hbox'). Otherwise just continue,
and I'll forget about whatever was undefined.

! Missing $ inserted.
<inserted text> 
                $
l.60 	backgroundcolor = \color{pl_
                                  background},
I've inserted a begin-math/end-math symbol since I think
you left one out. Proceed, with fingers crossed.

! Extra }, or forgotten $.
l.60 	backgroundcolor = \color{pl_background}
                                             ,
I've deleted a group-closing symbol because it seems to be
spurious, as in `$x}$'. But perhaps the } is legitimate and
you forgot something else, as in `\hbox{$x}'. In such cases
the way to recover is to insert both the forgotten and the
deleted material, e.g., by typing `I$}'.

! Undefined control sequence.
l.61 	stringstyle = \color
                          {pl_string},
The control sequence at the end of the top line
of your error message was never \def'ed. If you have
misspelled it (e.g., `\hobx'), type `I' and the correct
spelling (e.g., `I\hbox'). Otherwise just continue,
and I'll forget about whatever was undefined.

! Undefined control sequence.
l.62 	keywordstyle = \color
                           {pl_keyword}\bfseries,
The control sequence at the end of the top line
of your error message was never \def'ed. If you have
misspelled it (e.g., `\hobx'), type `I' and the correct
spelling (e.g., `I\hbox'). Otherwise just continue,
and I'll forget about whatever was undefined.


! LaTeX Error: Command \bfseries invalid in math mode.

See the LaTeX manual or LaTeX Companion for explanation.
Type  H <return>  for immediate help.
 ...                                              
                                                  
l.62 	keywordstyle = \color{pl_keyword}\bfseries
                                                ,
Please use the math alphabet \mathbf instead of the \bfseries command. 

! Undefined control sequence.
l.63 	commentstyle = \color
                           {pl_comment}\itshape,
The control sequence at the end of the top line
of your error message was never \def'ed. If you have
misspelled it (e.g., `\hobx'), type `I' and the correct
spelling (e.g., `I\hbox'). Otherwise just continue,
and I'll forget about whatever was undefined.


! LaTeX Error: Command \itshape invalid in math mode.

See the LaTeX manual or LaTeX Companion for explanation.
Type  H <return>  for immediate help.
 ...                                              
                                                  
l.63 	commentstyle = \color{pl_comment}\itshape
                                               ,
Please use the math alphabet \mathit instead of the \itshape command. 


LaTeX Font Warning: Font shape `OT1/cmss/bx/it' undefined
(Font)              using `OT1/cmss/bx/n' instead on input line 63.

! Undefined control sequence.
l.70 	emphstyle = [1]\color
                           {black},
The control sequence at the end of the top line
of your error message was never \def'ed. If you have
misspelled it (e.g., `\hobx'), type `I' and the correct
spelling (e.g., `I\hbox'). Otherwise just continue,
and I'll forget about whatever was undefined.

! Undefined control sequence.
l.72 	emphstyle = [2]\color
                           {pl_ifelse}
The control sequence at the end of the top line
of your error message was never \def'ed. If you have
misspelled it (e.g., `\hobx'), type `I' and the correct
spelling (e.g., `I\hbox'). Otherwise just continue,
and I'll forget about whatever was undefined.

! Extra }, or forgotten $.
l.73 }
      
I've deleted a group-closing symbol because it seems to be
spurious, as in `$x}$'. But perhaps the } is legitimate and
you forgot something else, as in `\hbox{$x}'. In such cases
the way to recover is to insert both the forgotten and the
deleted material, e.g., by typing `I$}'.

! Missing $ inserted.
<inserted text> 
                $
l.74 
     
I've inserted a begin-math/end-math symbol since I think
you left one out. Proceed, with fingers crossed.


Overfull \hbox (20.0pt too wide) in paragraph at lines 58--74
[]
 []


Overfull \hbox (2.77779pt too wide) in paragraph at lines 58--74
\OT1/cmss/m/n/10 ,
 []


Overfull \hbox (22.63893pt too wide) in paragraph at lines 58--74
\OT1/cmss/m/n/10 back-
 []


Overfull \hbox (32.25006pt too wide) in paragraph at lines 58--74
\OT1/cmss/m/n/10 ground-
 []


Overfull \hbox (19.97226pt too wide) in paragraph at lines 58--74
\OT1/cmss/m/n/10 color
 []


Overfull \hbox (7.7778pt too wide) in paragraph at lines 58--74
\OT1/cmss/m/n/10 =
 []


Overfull \hbox (122.46426pt too wide) in paragraph at lines 58--74
\OT1/cmss/m/n/10 pl$[]\OML/cmm/m/it/10 ackground; stringstyle \OT1/cmr/m/n/10 =

 []


Overfull \hbox (109.37119pt too wide) in paragraph at lines 58--74
[]\OML/cmm/m/it/10 ; keywordstyle \OT1/cmr/m/n/10 =
 []


Overfull \hbox (122.52455pt too wide) in paragraph at lines 58--74
[]\OML/cmm/m/it/10 ; commentstyle \OT1/cmr/m/n/10 =
 []


Overfull \hbox (93.24986pt too wide) in paragraph at lines 58--74
[]\OML/cmm/m/it/10 ; frame \OT1/cmr/m/n/10 =
 []


Overfull \hbox (69.80449pt too wide) in paragraph at lines 58--74
\OML/cmm/m/it/10 lrbt; numbers \OT1/cmr/m/n/10 =
 []


Overfull \hbox (111.48459pt too wide) in paragraph at lines 58--74
\OML/cmm/m/it/10 left; showstringspaces \OT1/cmr/m/n/10 =
 []


Overfull \hbox (85.29825pt too wide) in paragraph at lines 58--74
\OML/cmm/m/it/10 false; breaklines \OT1/cmr/m/n/10 =
 []


Overfull \hbox (90.34807pt too wide) in paragraph at lines 58--74
\OML/cmm/m/it/10 true; xleftmargin \OT1/cmr/m/n/10 =
 []


Overfull \hbox (57.87155pt too wide) in paragraph at lines 58--74
\OT1/cmr/m/n/10 15\OML/cmm/m/it/10 pt; emph \OT1/cmr/m/n/10 =
 []


Overfull \hbox (87.00587pt too wide) in paragraph at lines 58--74
\OT1/cmr/m/n/10 [1][]\OML/cmm/m/it/10 ; emphstyle \OT1/cmr/m/n/10 =
 []


Overfull \hbox (72.39127pt too wide) in paragraph at lines 58--74
\OT1/cmr/m/n/10 [1][]\OML/cmm/m/it/10 ; emph \OT1/cmr/m/n/10 =
 []


Overfull \hbox (136.1316pt too wide) in paragraph at lines 58--74
\OT1/cmr/m/n/10 [2][]\OML/cmm/m/it/10 ; emphstyle \OT1/cmr/m/n/10 =
 []


Overfull \hbox (45.05278pt too wide) in paragraph at lines 58--74
\OT1/cmr/m/n/10 [2][]$ 
 []

! Undefined control sequence.
l.75 \lstset
            {
The control sequence at the end of the top line
of your error message was never \def'ed. If you have
misspelled it (e.g., `\hobx'), type `I' and the correct
spelling (e.g., `I\hbox'). Otherwise just continue,
and I'll forget about whatever was undefined.


! LaTeX Error: Missing \begin{document}.

See the LaTeX manual or LaTeX Companion for explanation.
Type  H <return>  for immediate help.
 ...                                              
                                                  
l.76 	l
       anguage = Matlab,
You're in trouble here.  Try typing  <return>  to proceed.
If that doesn't work, type  X <return>  to quit.

! Undefined control sequence.
l.77 	basicstyle = \small
                         \sffamily,
The control sequence at the end of the top line
of your error message was never \def'ed. If you have
misspelled it (e.g., `\hobx'), type `I' and the correct
spelling (e.g., `I\hbox'). Otherwise just continue,
and I'll forget about whatever was undefined.

! Undefined control sequence.
l.78 	backgroundcolor = \color
                              {pl_background},
The control sequence at the end of the top line
of your error message was never \def'ed. If you have
misspelled it (e.g., `\hobx'), type `I' and the correct
spelling (e.g., `I\hbox'). Otherwise just continue,
and I'll forget about whatever was undefined.

! Missing $ inserted.
<inserted text> 
                $
l.78 	backgroundcolor = \color{pl_
                                  background},
I've inserted a begin-math/end-math symbol since I think
you left one out. Proceed, with fingers crossed.

! Extra }, or forgotten $.
l.78 	backgroundcolor = \color{pl_background}
                                             ,
I've deleted a group-closing symbol because it seems to be
spurious, as in `$x}$'. But perhaps the } is legitimate and
you forgot something else, as in `\hbox{$x}'. In such cases
the way to recover is to insert both the forgotten and the
deleted material, e.g., by typing `I$}'.

! Undefined control sequence.
l.79 	stringstyle = \color
                          {pl_string},
The control sequence at the end of the top line
of your error message was never \def'ed. If you have
misspelled it (e.g., `\hobx'), type `I' and the correct
spelling (e.g., `I\hbox'). Otherwise just continue,
and I'll forget about whatever was undefined.

! Undefined control sequence.
l.80 	keywordstyle = \color
                           {pl_keyword}\bfseries,
The control sequence at the end of the top line
of your error message was never \def'ed. If you have
misspelled it (e.g., `\hobx'), type `I' and the correct
spelling (e.g., `I\hbox'). Otherwise just continue,
and I'll forget about whatever was undefined.


! LaTeX Error: Command \bfseries invalid in math mode.

See the LaTeX manual or LaTeX Companion for explanation.
Type  H <return>  for immediate help.
 ...                                              
                                                  
l.80 	keywordstyle = \color{pl_keyword}\bfseries
                                                ,
Please use the math alphabet \mathbf instead of the \bfseries command. 

! Undefined control sequence.
l.81 	commentstyle = \color
                           {pl_comment}\itshape,
The control sequence at the end of the top line
of your error message was never \def'ed. If you have
misspelled it (e.g., `\hobx'), type `I' and the correct
spelling (e.g., `I\hbox'). Otherwise just continue,
and I'll forget about whatever was undefined.


! LaTeX Error: Command \itshape invalid in math mode.

See the LaTeX manual or LaTeX Companion for explanation.
Type  H <return>  for immediate help.
 ...                                              
                                                  
l.81 	commentstyle = \color{pl_comment}\itshape
                                               ,
Please use the math alphabet \mathit instead of the \itshape command. 

! Undefined control sequence.
l.88 	emphstyle = [1]\color
                           {black},
The control sequence at the end of the top line
of your error message was never \def'ed. If you have
misspelled it (e.g., `\hobx'), type `I' and the correct
spelling (e.g., `I\hbox'). Otherwise just continue,
and I'll forget about whatever was undefined.

! Undefined control sequence.
l.90 	emphstyle = [2]\color
                           {pl_ifelse},
The control sequence at the end of the top line
of your error message was never \def'ed. If you have
misspelled it (e.g., `\hobx'), type `I' and the correct
spelling (e.g., `I\hbox'). Otherwise just continue,
and I'll forget about whatever was undefined.

! Extra }, or forgotten $.
l.92 }
      
I've deleted a group-closing symbol because it seems to be
spurious, as in `$x}$'. But perhaps the } is legitimate and
you forgot something else, as in `\hbox{$x}'. In such cases
the way to recover is to insert both the forgotten and the
deleted material, e.g., by typing `I$}'.

! Missing $ inserted.
<inserted text> 
                $
l.93 
     
I've inserted a begin-math/end-math symbol since I think
you left one out. Proceed, with fingers crossed.


Overfull \hbox (56.77785pt too wide) in paragraph at lines 76--93
[]\OT1/cmss/m/n/10 language
 []


Overfull \hbox (7.7778pt too wide) in paragraph at lines 76--93
\OT1/cmss/m/n/10 =
 []


Overfull \hbox (20.50006pt too wide) in paragraph at lines 76--93
\OT1/cmss/m/n/10 Mat-
 []


Overfull \hbox (15.13892pt too wide) in paragraph at lines 76--93
\OT1/cmss/m/n/10 lab,
 []


Overfull \hbox (13.30557pt too wide) in paragraph at lines 76--93
\OT1/cmss/m/n/10 ba-
 []


Overfull \hbox (13.99998pt too wide) in paragraph at lines 76--93
\OT1/cmss/m/n/10 sic-
 []


Overfull \hbox (18.61111pt too wide) in paragraph at lines 76--93
\OT1/cmss/m/n/10 style
 []


Overfull \hbox (7.7778pt too wide) in paragraph at lines 76--93
\OT1/cmss/m/n/10 =
 []


Overfull \hbox (2.77779pt too wide) in paragraph at lines 76--93
\OT1/cmss/m/n/10 ,
 []


Overfull \hbox (22.63893pt too wide) in paragraph at lines 76--93
\OT1/cmss/m/n/10 back-
 []


Overfull \hbox (32.25006pt too wide) in paragraph at lines 76--93
\OT1/cmss/m/n/10 ground-
 []


Overfull \hbox (19.97226pt too wide) in paragraph at lines 76--93
\OT1/cmss/m/n/10 color
 []


Overfull \hbox (7.7778pt too wide) in paragraph at lines 76--93
\OT1/cmss/m/n/10 =
 []


Overfull \hbox (122.46426pt too wide) in paragraph at lines 76--93
\OT1/cmss/m/n/10 pl$[]\OML/cmm/m/it/10 ackground; stringstyle \OT1/cmr/m/n/10 =

 []


Overfull \hbox (109.37119pt too wide) in paragraph at lines 76--93
[]\OML/cmm/m/it/10 ; keywordstyle \OT1/cmr/m/n/10 =
 []


Overfull \hbox (122.52455pt too wide) in paragraph at lines 76--93
[]\OML/cmm/m/it/10 ; commentstyle \OT1/cmr/m/n/10 =
 []


Overfull \hbox (93.24986pt too wide) in paragraph at lines 76--93
[]\OML/cmm/m/it/10 ; frame \OT1/cmr/m/n/10 =
 []


Overfull \hbox (69.80449pt too wide) in paragraph at lines 76--93
\OML/cmm/m/it/10 lrbt; numbers \OT1/cmr/m/n/10 =
 []


Overfull \hbox (111.48459pt too wide) in paragraph at lines 76--93
\OML/cmm/m/it/10 left; showstringspaces \OT1/cmr/m/n/10 =
 []


Overfull \hbox (85.29825pt too wide) in paragraph at lines 76--93
\OML/cmm/m/it/10 false; breaklines \OT1/cmr/m/n/10 =
 []


Overfull \hbox (90.34807pt too wide) in paragraph at lines 76--93
\OML/cmm/m/it/10 true; xleftmargin \OT1/cmr/m/n/10 =
 []


Overfull \hbox (57.87155pt too wide) in paragraph at lines 76--93
\OT1/cmr/m/n/10 15\OML/cmm/m/it/10 pt; emph \OT1/cmr/m/n/10 =
 []


Overfull \hbox (87.00587pt too wide) in paragraph at lines 76--93
\OT1/cmr/m/n/10 [1][]\OML/cmm/m/it/10 ; emphstyle \OT1/cmr/m/n/10 =
 []


Overfull \hbox (72.39127pt too wide) in paragraph at lines 76--93
\OT1/cmr/m/n/10 [1][]\OML/cmm/m/it/10 ; emph \OT1/cmr/m/n/10 =
 []


Overfull \hbox (136.1316pt too wide) in paragraph at lines 76--93
\OT1/cmr/m/n/10 [2][]\OML/cmm/m/it/10 ; emphstyle \OT1/cmr/m/n/10 =
 []


Overfull \hbox (91.12056pt too wide) in paragraph at lines 76--93
\OT1/cmr/m/n/10 [2][]\OML/cmm/m/it/10 ; tabsize \OT1/cmr/m/n/10 =
 []


Overfull \hbox (5.00002pt too wide) in paragraph at lines 76--93
\OT1/cmr/m/n/10 4$ 
 []

! Undefined control sequence.
l.128 \lstnewenvironment
                        {python}[1][]
The control sequence at the end of the top line
of your error message was never \def'ed. If you have
misspelled it (e.g., `\hobx'), type `I' and the correct
spelling (e.g., `I\hbox'). Otherwise just continue,
and I'll forget about whatever was undefined.


! LaTeX Error: Missing \begin{document}.

See the LaTeX manual or LaTeX Companion for explanation.
Type  H <return>  for immediate help.
 ...                                              
                                                  
l.128 \lstnewenvironment{p
                          ython}[1][]
You're in trouble here.  Try typing  <return>  to proceed.
If that doesn't work, type  X <return>  to quit.

! Undefined control sequence.
\pythonstyle ->\lstset 
                       { language=Python, basicstyle=\ttm , numbers = left, ...
l.131 	\pythonstyle
                   
The control sequence at the end of the top line
of your error message was never \def'ed. If you have
misspelled it (e.g., `\hobx'), type `I' and the correct
spelling (e.g., `I\hbox'). Otherwise just continue,
and I'll forget about whatever was undefined.

! Undefined control sequence.
\pythonstyle ...={self}, keywordstyle=\ttb \color 
                                                  {deepblue}, emph={MyClass,...
l.131 	\pythonstyle
                   
The control sequence at the end of the top line
of your error message was never \def'ed. If you have
misspelled it (e.g., `\hobx'), type `I' and the correct
spelling (e.g., `I\hbox'). Otherwise just continue,
and I'll forget about whatever was undefined.

! Missing $ inserted.
<inserted text> 
                $
l.131 	\pythonstyle
                   
I've inserted a begin-math/end-math symbol since I think
you left one out. Proceed, with fingers crossed.

! Missing { inserted.
<to be read again> 
                   _
l.131 	\pythonstyle
                   
A left brace was mandatory here, so I've put one in.
You might want to delete and/or insert some corrections
so that I will find a matching right brace soon.
(If you're confused by all this, try typing `I}' now.)

! Missing { inserted.
<to be read again> 
                   _
l.131 	\pythonstyle
                   
A left brace was mandatory here, so I've put one in.
You might want to delete and/or insert some corrections
so that I will find a matching right brace soon.
(If you're confused by all this, try typing `I}' now.)

! Missing { inserted.
<to be read again> 
                   }
l.131 	\pythonstyle
                   
A left brace was mandatory here, so I've put one in.
You might want to delete and/or insert some corrections
so that I will find a matching right brace soon.
(If you're confused by all this, try typing `I}' now.)

! Undefined control sequence.
\pythonstyle ...,__init__}, emphstyle=\ttb \color 
                                                  {deepred}, stringstyle=\co...
l.131 	\pythonstyle
                   
The control sequence at the end of the top line
of your error message was never \def'ed. If you have
misspelled it (e.g., `\hobx'), type `I' and the correct
spelling (e.g., `I\hbox'). Otherwise just continue,
and I'll forget about whatever was undefined.

! Undefined control sequence.
\pythonstyle ...lor {deepred}, stringstyle=\color 
                                                  {deepgreen}, backgroundcol...
l.131 	\pythonstyle
                   
The control sequence at the end of the top line
of your error message was never \def'ed. If you have
misspelled it (e.g., `\hobx'), type `I' and the correct
spelling (e.g., `I\hbox'). Otherwise just continue,
and I'll forget about whatever was undefined.

! Undefined control sequence.
\pythonstyle ...pgreen}, backgroundcolor = \color 
                                                  {pl_background}, breakline...
l.131 	\pythonstyle
                   
The control sequence at the end of the top line
of your error message was never \def'ed. If you have
misspelled it (e.g., `\hobx'), type `I' and the correct
spelling (e.g., `I\hbox'). Otherwise just continue,
and I'll forget about whatever was undefined.

! Illegal unit of measure (pt inserted).
<to be read again> 
                   t
l.131 	\pythonstyle
                   
Dimensions can be in units of em, ex, in, pt, pc,
cm, mm, dd, cc, nd, nc, bp, or sp; but yours is a new one!
I'll assume that you meant to say pt, for printer's points.
To recover gracefully from this error, it's best to
delete the erroneous units; e.g., type `2' to delete
two letters. (See Chapter 27 of The TeXbook.)

! Undefined control sequence.
l.132 	\lstset
              {#1}
The control sequence at the end of the top line
of your error message was never \def'ed. If you have
misspelled it (e.g., `\hobx'), type `I' and the correct
spelling (e.g., `I\hbox'). Otherwise just continue,
and I'll forget about whatever was undefined.

! You can't use `macro parameter character #' in math mode.
l.132 	\lstset{#
                1}
Sorry, but I'm not programmed to handle this case;
I'll just pretend that you didn't ask for it.
If you're in the wrong mode, you might be able to
return to the right one by typing `I}' or `I$' or `I\par'.

! Undefined control sequence.
l.135 \lstnewenvironment
                        {bash}[1][]
The control sequence at the end of the top line
of your error message was never \def'ed. If you have
misspelled it (e.g., `\hobx'), type `I' and the correct
spelling (e.g., `I\hbox'). Otherwise just continue,
and I'll forget about whatever was undefined.

! Undefined control sequence.
\bashstyle ->\lstset 
                     { language = bash, basicstyle=\ttm , numbers = left, ot...
l.138 	\bashstyle
                 
The control sequence at the end of the top line
of your error message was never \def'ed. If you have
misspelled it (e.g., `\hobx'), type `I' and the correct
spelling (e.g., `I\hbox'). Otherwise just continue,
and I'll forget about whatever was undefined.

! Undefined control sequence.
\bashstyle ...ds={self}, keywordstyle=\ttb \color 
                                                  {deepblue}, stringstyle=\c...
l.138 	\bashstyle
                 
The control sequence at the end of the top line
of your error message was never \def'ed. If you have
misspelled it (e.g., `\hobx'), type `I' and the correct
spelling (e.g., `I\hbox'). Otherwise just continue,
and I'll forget about whatever was undefined.

! Undefined control sequence.
\bashstyle ...olor {deepblue}, stringstyle=\color 
                                                  {deepgreen}, backgroundcol...
l.138 	\bashstyle
                 
The control sequence at the end of the top line
of your error message was never \def'ed. If you have
misspelled it (e.g., `\hobx'), type `I' and the correct
spelling (e.g., `I\hbox'). Otherwise just continue,
and I'll forget about whatever was undefined.

! Undefined control sequence.
\bashstyle ...eepgreen}, backgroundcolor = \color 
                                                  {pl_background}, breakline...
l.138 	\bashstyle
                 
The control sequence at the end of the top line
of your error message was never \def'ed. If you have
misspelled it (e.g., `\hobx'), type `I' and the correct
spelling (e.g., `I\hbox'). Otherwise just continue,
and I'll forget about whatever was undefined.

! Illegal unit of measure (pt inserted).
<to be read again> 
                   t
l.138 	\bashstyle
                 
Dimensions can be in units of em, ex, in, pt, pc,
cm, mm, dd, cc, nd, nc, bp, or sp; but yours is a new one!
I'll assume that you meant to say pt, for printer's points.
To recover gracefully from this error, it's best to
delete the erroneous units; e.g., type `2' to delete
two letters. (See Chapter 27 of The TeXbook.)

! Undefined control sequence.
l.139 	\lstset
              {#1}
The control sequence at the end of the top line
of your error message was never \def'ed. If you have
misspelled it (e.g., `\hobx'), type `I' and the correct
spelling (e.g., `I\hbox'). Otherwise just continue,
and I'll forget about whatever was undefined.

! You can't use `macro parameter character #' in math mode.
l.139 	\lstset{#
                1}
Sorry, but I'm not programmed to handle this case;
I'll just pretend that you didn't ask for it.
If you're in the wrong mode, you might be able to
return to the right one by typing `I}' or `I$' or `I\par'.

)
! Emergency stop.
<*> config.tex
              
*** (job aborted, no legal \end found)

 
Here is how much of TeX's memory you used:
 77 strings out of 481239
 1186 string characters out of 5920376
 240560 words of memory out of 5000000
 15436 multiletter control sequences out of 15000+600000
 533902 words of font info for 29 fonts, out of 8000000 for 9000
 1141 hyphenation exceptions out of 8191
 18i,4n,18p,139b,141s stack positions out of 5000i,500n,10000p,200000b,80000s
!  ==> Fatal error occurred, no output PDF file produced!
